<?xml version="1.0" encoding="UTF-8"?>
<testng-results total="1" passed="1" failed="0" skipped="0">
  <reporter-output>
  </reporter-output>
  <suite started-at="2021-02-26T16:24:47Z" name="Testng Cucumber Suite" finished-at="2021-02-26T16:25:12Z" duration-ms="25411">
    <groups>
      <group name="cucumber">
        <method signature="AbstractTestNGCucumberTests.feature(cucumber.api.testng.CucumberFeatureWrapper)[pri:0, instance:main.CucumberRunner@7e0e6aa2]" name="feature" class="cucumber.api.testng.AbstractTestNGCucumberTests"/>
      </group> <!-- cucumber -->
    </groups>
    <test started-at="2021-02-26T16:24:47Z" name="Run All Tests" finished-at="2021-02-26T16:25:12Z" duration-ms="25411">
      <class name="main.CucumberRunner">
        <test-method is-config="true" signature="setUpClass()[pri:0, instance:main.CucumberRunner@7e0e6aa2]" started-at="2021-02-26T11:24:47Z" name="setUpClass" finished-at="2021-02-26T11:24:47Z" duration-ms="150" status="PASS">
          <reporter-output>
          </reporter-output>
        </test-method> <!-- setUpClass -->
        <test-method signature="feature(cucumber.api.testng.CucumberFeatureWrapper)[pri:0, instance:main.CucumberRunner@7e0e6aa2]" started-at="2021-02-26T11:24:47Z" name="feature" description="Runs Cucumber Feature" data-provider="features" finished-at="2021-02-26T11:25:12Z" duration-ms="25191" status="PASS">
          <params>
            <param index="0">
              <value>
                <![CDATA[Test cases for Create new User with POST Method also we will update, and Delete the data.]]>
              </value>
            </param>
          </params>
          <reporter-output>
          </reporter-output>
        </test-method> <!-- feature -->
        <test-method is-config="true" signature="tearDownClass()[pri:0, instance:main.CucumberRunner@7e0e6aa2]" started-at="2021-02-26T11:25:12Z" name="tearDownClass" finished-at="2021-02-26T11:25:12Z" duration-ms="6" status="PASS">
          <reporter-output>
          </reporter-output>
        </test-method> <!-- tearDownClass -->
      </class> <!-- main.CucumberRunner -->
    </test> <!-- Run All Tests -->
  </suite> <!-- Testng Cucumber Suite -->
</testng-results>
